mode: atomic
github.com/Suhaibinator/URouter/pkg/codec/json.go:16.62,21.16 3 4
github.com/Suhaibinator/URouter/pkg/codec/json.go:21.16,23.3 1 1
github.com/Suhaibinator/URouter/pkg/codec/json.go:24.2,28.16 3 3
github.com/Suhaibinator/URouter/pkg/codec/json.go:28.16,30.3 1 2
github.com/Suhaibinator/URouter/pkg/codec/json.go:32.2,32.18 1 1
github.com/Suhaibinator/URouter/pkg/codec/json.go:36.71,42.16 3 3
github.com/Suhaibinator/URouter/pkg/codec/json.go:42.16,44.3 1 1
github.com/Suhaibinator/URouter/pkg/codec/json.go:47.2,48.12 2 2
github.com/Suhaibinator/URouter/pkg/codec/json.go:52.52,54.2 1 3
github.com/Suhaibinator/URouter/pkg/codec/proto.go:18.63,28.9 4 4
github.com/Suhaibinator/URouter/pkg/codec/proto.go:28.9,31.3 2 1
github.com/Suhaibinator/URouter/pkg/codec/proto.go:34.2,35.16 2 3
github.com/Suhaibinator/URouter/pkg/codec/proto.go:35.16,38.3 2 1
github.com/Suhaibinator/URouter/pkg/codec/proto.go:39.2,43.16 3 2
github.com/Suhaibinator/URouter/pkg/codec/proto.go:43.16,46.3 2 1
github.com/Suhaibinator/URouter/pkg/codec/proto.go:49.2,50.9 2 1
github.com/Suhaibinator/URouter/pkg/codec/proto.go:50.9,53.3 2 0
github.com/Suhaibinator/URouter/pkg/codec/proto.go:55.2,55.20 1 1
github.com/Suhaibinator/URouter/pkg/codec/proto.go:59.72,64.9 2 4
github.com/Suhaibinator/URouter/pkg/codec/proto.go:64.9,66.3 1 1
github.com/Suhaibinator/URouter/pkg/codec/proto.go:69.2,73.16 3 3
github.com/Suhaibinator/URouter/pkg/codec/proto.go:73.16,75.3 1 1
github.com/Suhaibinator/URouter/pkg/codec/proto.go:78.2,79.12 2 2
github.com/Suhaibinator/URouter/pkg/codec/proto.go:83.54,85.2 1 6
github.com/Suhaibinator/URouter/pkg/middleware/auth.go:23.64,25.9 2 7
github.com/Suhaibinator/URouter/pkg/middleware/auth.go:25.9,27.3 1 1
github.com/Suhaibinator/URouter/pkg/middleware/auth.go:29.2,30.13 2 6
github.com/Suhaibinator/URouter/pkg/middleware/auth.go:30.13,32.3 1 1
github.com/Suhaibinator/URouter/pkg/middleware/auth.go:34.2,34.37 1 5
github.com/Suhaibinator/URouter/pkg/middleware/auth.go:44.66,46.22 2 8
github.com/Suhaibinator/URouter/pkg/middleware/auth.go:46.22,48.3 1 1
github.com/Suhaibinator/URouter/pkg/middleware/auth.go:51.2,51.47 1 7
github.com/Suhaibinator/URouter/pkg/middleware/auth.go:51.47,53.3 1 1
github.com/Suhaibinator/URouter/pkg/middleware/auth.go:56.2,59.24 2 6
github.com/Suhaibinator/URouter/pkg/middleware/auth.go:59.24,61.3 1 3
github.com/Suhaibinator/URouter/pkg/middleware/auth.go:64.2,64.29 1 3
github.com/Suhaibinator/URouter/pkg/middleware/auth.go:75.61,77.20 1 11
github.com/Suhaibinator/URouter/pkg/middleware/auth.go:77.20,79.36 2 9
github.com/Suhaibinator/URouter/pkg/middleware/auth.go:79.36,81.4 1 3
github.com/Suhaibinator/URouter/pkg/middleware/auth.go:85.2,85.19 1 8
github.com/Suhaibinator/URouter/pkg/middleware/auth.go:85.19,87.36 2 7
github.com/Suhaibinator/URouter/pkg/middleware/auth.go:87.36,89.4 1 3
github.com/Suhaibinator/URouter/pkg/middleware/auth.go:92.2,92.14 1 5
github.com/Suhaibinator/URouter/pkg/middleware/auth.go:96.94,97.46 1 5
github.com/Suhaibinator/URouter/pkg/middleware/auth.go:97.46,98.72 1 5
github.com/Suhaibinator/URouter/pkg/middleware/auth.go:98.72,100.33 1 7
github.com/Suhaibinator/URouter/pkg/middleware/auth.go:100.33,108.5 3 1
github.com/Suhaibinator/URouter/pkg/middleware/auth.go:111.4,111.24 1 6
github.com/Suhaibinator/URouter/pkg/middleware/auth.go:118.74,119.46 1 2
github.com/Suhaibinator/URouter/pkg/middleware/auth.go:119.46,120.72 1 2
github.com/Suhaibinator/URouter/pkg/middleware/auth.go:120.72,122.20 1 4
github.com/Suhaibinator/URouter/pkg/middleware/auth.go:122.20,125.5 2 2
github.com/Suhaibinator/URouter/pkg/middleware/auth.go:128.4,128.24 1 2
github.com/Suhaibinator/URouter/pkg/middleware/auth.go:134.98,139.2 2 1
github.com/Suhaibinator/URouter/pkg/middleware/auth.go:142.98,147.2 2 1
github.com/Suhaibinator/URouter/pkg/middleware/auth.go:150.107,155.2 2 1
github.com/Suhaibinator/URouter/pkg/middleware/auth.go:158.113,165.2 2 1
github.com/Suhaibinator/URouter/pkg/middleware/middleware.go:19.50,20.46 1 1
github.com/Suhaibinator/URouter/pkg/middleware/middleware.go:20.46,21.46 1 1
github.com/Suhaibinator/URouter/pkg/middleware/middleware.go:21.46,23.4 1 3
github.com/Suhaibinator/URouter/pkg/middleware/middleware.go:24.3,24.14 1 1
github.com/Suhaibinator/URouter/pkg/middleware/middleware.go:29.46,30.46 1 1
github.com/Suhaibinator/URouter/pkg/middleware/middleware.go:30.46,31.72 1 1
github.com/Suhaibinator/URouter/pkg/middleware/middleware.go:31.72,32.17 1 1
github.com/Suhaibinator/URouter/pkg/middleware/middleware.go:32.17,33.37 1 1
github.com/Suhaibinator/URouter/pkg/middleware/middleware.go:33.37,44.6 2 1
github.com/Suhaibinator/URouter/pkg/middleware/middleware.go:47.4,47.24 1 1
github.com/Suhaibinator/URouter/pkg/middleware/middleware.go:53.45,54.46 1 1
github.com/Suhaibinator/URouter/pkg/middleware/middleware.go:54.46,55.72 1 1
github.com/Suhaibinator/URouter/pkg/middleware/middleware.go:55.72,71.28 5 1
github.com/Suhaibinator/URouter/pkg/middleware/middleware.go:71.28,80.5 1 0
github.com/Suhaibinator/URouter/pkg/middleware/middleware.go:80.10,80.35 1 1
github.com/Suhaibinator/URouter/pkg/middleware/middleware.go:80.35,88.5 1 0
github.com/Suhaibinator/URouter/pkg/middleware/middleware.go:88.10,88.39 1 1
github.com/Suhaibinator/URouter/pkg/middleware/middleware.go:88.39,96.5 1 0
github.com/Suhaibinator/URouter/pkg/middleware/middleware.go:96.10,104.5 1 1
github.com/Suhaibinator/URouter/pkg/middleware/middleware.go:112.44,113.46 1 1
github.com/Suhaibinator/URouter/pkg/middleware/middleware.go:113.46,114.72 1 1
github.com/Suhaibinator/URouter/pkg/middleware/middleware.go:114.72,120.4 2 1
github.com/Suhaibinator/URouter/pkg/middleware/middleware.go:125.48,126.46 1 2
github.com/Suhaibinator/URouter/pkg/middleware/middleware.go:126.46,127.72 1 2
github.com/Suhaibinator/URouter/pkg/middleware/middleware.go:127.72,146.14 7 2
github.com/Suhaibinator/URouter/pkg/middleware/middleware.go:146.14,149.5 2 2
github.com/Suhaibinator/URouter/pkg/middleware/middleware.go:151.4,151.11 1 2
github.com/Suhaibinator/URouter/pkg/middleware/middleware.go:152.16,154.11 1 1
github.com/Suhaibinator/URouter/pkg/middleware/middleware.go:155.22,160.11 4 1
github.com/Suhaibinator/URouter/pkg/middleware/middleware.go:173.60,177.2 3 1
github.com/Suhaibinator/URouter/pkg/middleware/middleware.go:180.61,184.2 3 0
github.com/Suhaibinator/URouter/pkg/middleware/middleware.go:187.40,190.51 3 0
github.com/Suhaibinator/URouter/pkg/middleware/middleware.go:190.51,192.3 1 0
github.com/Suhaibinator/URouter/pkg/middleware/middleware.go:196.76,197.46 1 1
github.com/Suhaibinator/URouter/pkg/middleware/middleware.go:197.46,198.72 1 1
github.com/Suhaibinator/URouter/pkg/middleware/middleware.go:198.72,200.24 1 2
github.com/Suhaibinator/URouter/pkg/middleware/middleware.go:200.24,202.5 1 2
github.com/Suhaibinator/URouter/pkg/middleware/middleware.go:203.4,203.24 1 2
github.com/Suhaibinator/URouter/pkg/middleware/middleware.go:203.24,205.5 1 2
github.com/Suhaibinator/URouter/pkg/middleware/middleware.go:206.4,206.24 1 2
github.com/Suhaibinator/URouter/pkg/middleware/middleware.go:206.24,208.5 1 2
github.com/Suhaibinator/URouter/pkg/middleware/middleware.go:211.4,211.38 1 2
github.com/Suhaibinator/URouter/pkg/middleware/middleware.go:211.38,214.5 2 1
github.com/Suhaibinator/URouter/pkg/middleware/middleware.go:217.4,217.24 1 1
github.com/Suhaibinator/URouter/pkg/middleware/middleware.go:229.55,232.2 2 2
github.com/Suhaibinator/URouter/pkg/middleware/middleware.go:235.56,237.2 1 2
github.com/Suhaibinator/URouter/pkg/middleware/middleware.go:240.35,241.51 1 1
github.com/Suhaibinator/URouter/pkg/middleware/middleware.go:241.51,243.3 1 1
github.com/Suhaibinator/URouter/pkg/middleware/prometheus.go:10.149,13.46 1 1
github.com/Suhaibinator/URouter/pkg/middleware/prometheus.go:13.46,14.72 1 2
github.com/Suhaibinator/URouter/pkg/middleware/prometheus.go:14.72,34.21 8 2
github.com/Suhaibinator/URouter/pkg/middleware/prometheus.go:34.21,38.5 1 2
github.com/Suhaibinator/URouter/pkg/middleware/prometheus.go:40.4,40.24 1 2
github.com/Suhaibinator/URouter/pkg/middleware/prometheus.go:40.24,44.5 1 2
github.com/Suhaibinator/URouter/pkg/middleware/prometheus.go:46.4,46.17 1 2
github.com/Suhaibinator/URouter/pkg/middleware/prometheus.go:46.17,52.5 3 2
github.com/Suhaibinator/URouter/pkg/middleware/prometheus.go:54.4,54.41 1 2
github.com/Suhaibinator/URouter/pkg/middleware/prometheus.go:54.42,57.5 0 1
github.com/Suhaibinator/URouter/pkg/middleware/prometheus.go:63.59,66.71 1 1
github.com/Suhaibinator/URouter/pkg/middleware/prometheus.go:66.71,69.3 2 1
github.com/Suhaibinator/URouter/pkg/middleware/prometheus.go:80.65,83.2 2 3
github.com/Suhaibinator/URouter/pkg/middleware/prometheus.go:86.66,90.2 3 3
github.com/Suhaibinator/URouter/pkg/middleware/prometheus.go:93.45,94.51 1 1
github.com/Suhaibinator/URouter/pkg/middleware/prometheus.go:94.51,96.3 1 1
github.com/Suhaibinator/URouter/pkg/router/router.go:37.45,43.19 3 25
github.com/Suhaibinator/URouter/pkg/router/router.go:43.19,47.17 3 7
github.com/Suhaibinator/URouter/pkg/router/router.go:47.17,50.4 1 0
github.com/Suhaibinator/URouter/pkg/router/router.go:54.2,62.36 2 25
github.com/Suhaibinator/URouter/pkg/router/router.go:62.36,73.3 2 0
github.com/Suhaibinator/URouter/pkg/router/router.go:76.2,76.39 1 25
github.com/Suhaibinator/URouter/pkg/router/router.go:76.39,78.3 1 10
github.com/Suhaibinator/URouter/pkg/router/router.go:80.2,80.10 1 25
github.com/Suhaibinator/URouter/pkg/router/router.go:84.56,85.34 1 10
github.com/Suhaibinator/URouter/pkg/router/router.go:85.34,97.40 5 16
github.com/Suhaibinator/URouter/pkg/router/router.go:97.40,99.4 1 16
github.com/Suhaibinator/URouter/pkg/router/router.go:105.55,114.39 4 10
github.com/Suhaibinator/URouter/pkg/router/router.go:114.39,116.3 1 13
github.com/Suhaibinator/URouter/pkg/router/router.go:121.77,127.77 3 5
github.com/Suhaibinator/URouter/pkg/router/router.go:127.77,130.17 2 5
github.com/Suhaibinator/URouter/pkg/router/router.go:130.17,133.4 2 0
github.com/Suhaibinator/URouter/pkg/router/router.go:136.3,137.17 2 5
github.com/Suhaibinator/URouter/pkg/router/router.go:137.17,140.4 2 1
github.com/Suhaibinator/URouter/pkg/router/router.go:143.3,144.17 2 4
github.com/Suhaibinator/URouter/pkg/router/router.go:144.17,147.4 2 1
github.com/Suhaibinator/URouter/pkg/router/router.go:151.2,154.39 2 5
github.com/Suhaibinator/URouter/pkg/router/router.go:154.39,156.3 1 5
github.com/Suhaibinator/URouter/pkg/router/router.go:160.84,161.78 1 34
github.com/Suhaibinator/URouter/pkg/router/router.go:161.78,168.3 3 34
github.com/Suhaibinator/URouter/pkg/router/router.go:172.155,174.84 1 31
github.com/Suhaibinator/URouter/pkg/router/router.go:174.84,183.17 5 34
github.com/Suhaibinator/URouter/pkg/router/router.go:183.17,188.4 3 1
github.com/Suhaibinator/URouter/pkg/router/router.go:191.3,194.22 2 33
github.com/Suhaibinator/URouter/pkg/router/router.go:194.22,196.4 1 7
github.com/Suhaibinator/URouter/pkg/router/router.go:199.3,199.18 1 33
github.com/Suhaibinator/URouter/pkg/router/router.go:199.18,215.14 7 7
github.com/Suhaibinator/URouter/pkg/router/router.go:215.14,218.5 2 7
github.com/Suhaibinator/URouter/pkg/router/router.go:220.4,220.11 1 7
github.com/Suhaibinator/URouter/pkg/router/router.go:221.16,223.11 1 5
github.com/Suhaibinator/URouter/pkg/router/router.go:224.22,237.11 5 2
github.com/Suhaibinator/URouter/pkg/router/router.go:239.9,242.4 1 26
github.com/Suhaibinator/URouter/pkg/router/router.go:246.2,246.17 1 31
github.com/Suhaibinator/URouter/pkg/router/router.go:246.17,248.3 1 0
github.com/Suhaibinator/URouter/pkg/router/router.go:251.2,251.45 1 31
github.com/Suhaibinator/URouter/pkg/router/router.go:251.45,253.3 1 4
github.com/Suhaibinator/URouter/pkg/router/router.go:256.2,256.47 1 31
github.com/Suhaibinator/URouter/pkg/router/router.go:256.47,258.3 1 2
github.com/Suhaibinator/URouter/pkg/router/router.go:261.2,263.10 2 31
github.com/Suhaibinator/URouter/pkg/router/router.go:267.70,272.90 2 34
github.com/Suhaibinator/URouter/pkg/router/router.go:272.90,283.16 3 2
github.com/Suhaibinator/URouter/pkg/router/router.go:283.16,287.30 2 2
github.com/Suhaibinator/URouter/pkg/router/router.go:287.30,298.33 2 1
github.com/Suhaibinator/URouter/pkg/router/router.go:298.33,305.6 1 0
github.com/Suhaibinator/URouter/pkg/router/router.go:308.5,308.30 1 1
github.com/Suhaibinator/URouter/pkg/router/router.go:308.30,315.6 1 0
github.com/Suhaibinator/URouter/pkg/router/router.go:315.11,315.37 1 1
github.com/Suhaibinator/URouter/pkg/router/router.go:315.37,322.6 1 0
github.com/Suhaibinator/URouter/pkg/router/router.go:326.4,326.30 1 2
github.com/Suhaibinator/URouter/pkg/router/router.go:326.30,336.5 1 1
github.com/Suhaibinator/URouter/pkg/router/router.go:338.8,341.3 1 32
github.com/Suhaibinator/URouter/pkg/router/router.go:344.2,344.29 1 34
github.com/Suhaibinator/URouter/pkg/router/router.go:358.62,361.2 2 1
github.com/Suhaibinator/URouter/pkg/router/router.go:364.63,368.2 3 3
github.com/Suhaibinator/URouter/pkg/router/router.go:371.42,372.51 1 0
github.com/Suhaibinator/URouter/pkg/router/router.go:372.51,374.3 1 0
github.com/Suhaibinator/URouter/pkg/router/router.go:378.54,386.12 5 3
github.com/Suhaibinator/URouter/pkg/router/router.go:386.12,389.3 2 3
github.com/Suhaibinator/URouter/pkg/router/router.go:392.2,392.9 1 3
github.com/Suhaibinator/URouter/pkg/router/router.go:393.14,394.13 1 2
github.com/Suhaibinator/URouter/pkg/router/router.go:395.20,396.19 1 1
github.com/Suhaibinator/URouter/pkg/router/router.go:401.51,404.2 2 5
github.com/Suhaibinator/URouter/pkg/router/router.go:407.52,409.2 1 5
github.com/Suhaibinator/URouter/pkg/router/router.go:412.98,413.22 1 31
github.com/Suhaibinator/URouter/pkg/router/router.go:413.22,415.3 1 2
github.com/Suhaibinator/URouter/pkg/router/router.go:416.2,416.26 1 29
github.com/Suhaibinator/URouter/pkg/router/router.go:416.26,418.3 1 4
github.com/Suhaibinator/URouter/pkg/router/router.go:419.2,419.31 1 25
github.com/Suhaibinator/URouter/pkg/router/router.go:423.94,424.26 1 31
github.com/Suhaibinator/URouter/pkg/router/router.go:424.26,426.3 1 2
github.com/Suhaibinator/URouter/pkg/router/router.go:427.2,427.30 1 29
github.com/Suhaibinator/URouter/pkg/router/router.go:427.30,429.3 1 3
github.com/Suhaibinator/URouter/pkg/router/router.go:430.2,430.35 1 26
github.com/Suhaibinator/URouter/pkg/router/router.go:434.115,444.30 3 5
github.com/Suhaibinator/URouter/pkg/router/router.go:444.30,447.3 2 2
github.com/Suhaibinator/URouter/pkg/router/router.go:450.2,450.36 1 5
github.com/Suhaibinator/URouter/pkg/router/router.go:460.36,462.2 1 4
github.com/Suhaibinator/URouter/pkg/router/router.go:465.62,470.2 1 5
github.com/Suhaibinator/URouter/pkg/router/router.go:473.69,474.73 1 31
github.com/Suhaibinator/URouter/pkg/router/router.go:474.73,475.16 1 34
github.com/Suhaibinator/URouter/pkg/router/router.go:475.16,476.36 1 34
github.com/Suhaibinator/URouter/pkg/router/router.go:476.36,486.5 2 1
github.com/Suhaibinator/URouter/pkg/router/router.go:489.3,489.25 1 34
github.com/Suhaibinator/URouter/pkg/router/router.go:494.65,495.73 1 0
github.com/Suhaibinator/URouter/pkg/router/router.go:495.73,500.23 2 0
github.com/Suhaibinator/URouter/pkg/router/router.go:500.23,503.4 2 0
github.com/Suhaibinator/URouter/pkg/router/router.go:506.3,506.25 1 0
github.com/Suhaibinator/URouter/pkg/router/router.go:511.55,512.46 1 1
github.com/Suhaibinator/URouter/pkg/router/router.go:512.46,513.74 1 1
github.com/Suhaibinator/URouter/pkg/router/router.go:513.74,532.4 4 1
github.com/Suhaibinator/URouter/pkg/router/router.go:543.55,546.2 2 2
github.com/Suhaibinator/URouter/pkg/router/router.go:549.56,551.2 1 2
github.com/Suhaibinator/URouter/pkg/router/router.go:554.35,555.51 1 1
github.com/Suhaibinator/URouter/pkg/router/router.go:555.51,557.3 1 1
github.com/Suhaibinator/URouter/pkg/router/router.go:567.60,571.2 3 3
github.com/Suhaibinator/URouter/pkg/router/router.go:574.61,578.2 3 4
github.com/Suhaibinator/URouter/pkg/router/router.go:581.40,584.51 3 0
github.com/Suhaibinator/URouter/pkg/router/router.go:584.51,586.3 1 0
