mode: set
github.com/Suhaibinator/URouter/pkg/router/router.go:37.45,43.19 3 1
github.com/Suhaibinator/URouter/pkg/router/router.go:43.19,47.17 3 1
github.com/Suhaibinator/URouter/pkg/router/router.go:47.17,50.4 1 0
github.com/Suhaibinator/URouter/pkg/router/router.go:54.2,62.36 2 1
github.com/Suhaibinator/URouter/pkg/router/router.go:62.36,73.3 2 0
github.com/Suhaibinator/URouter/pkg/router/router.go:76.2,76.39 1 1
github.com/Suhaibinator/URouter/pkg/router/router.go:76.39,78.3 1 1
github.com/Suhaibinator/URouter/pkg/router/router.go:80.2,80.10 1 1
github.com/Suhaibinator/URouter/pkg/router/router.go:84.56,85.34 1 1
github.com/Suhaibinator/URouter/pkg/router/router.go:85.34,97.40 5 1
github.com/Suhaibinator/URouter/pkg/router/router.go:97.40,99.4 1 1
github.com/Suhaibinator/URouter/pkg/router/router.go:105.55,114.39 4 1
github.com/Suhaibinator/URouter/pkg/router/router.go:114.39,116.3 1 1
github.com/Suhaibinator/URouter/pkg/router/router.go:121.77,127.77 3 1
github.com/Suhaibinator/URouter/pkg/router/router.go:127.77,130.17 2 1
github.com/Suhaibinator/URouter/pkg/router/router.go:130.17,133.4 2 1
github.com/Suhaibinator/URouter/pkg/router/router.go:136.3,137.17 2 1
github.com/Suhaibinator/URouter/pkg/router/router.go:137.17,140.4 2 1
github.com/Suhaibinator/URouter/pkg/router/router.go:143.3,144.17 2 1
github.com/Suhaibinator/URouter/pkg/router/router.go:144.17,147.4 2 1
github.com/Suhaibinator/URouter/pkg/router/router.go:151.2,154.39 2 1
github.com/Suhaibinator/URouter/pkg/router/router.go:154.39,156.3 1 1
github.com/Suhaibinator/URouter/pkg/router/router.go:160.84,161.78 1 1
github.com/Suhaibinator/URouter/pkg/router/router.go:161.78,168.3 3 1
github.com/Suhaibinator/URouter/pkg/router/router.go:172.155,174.84 1 1
github.com/Suhaibinator/URouter/pkg/router/router.go:174.84,183.17 5 1
github.com/Suhaibinator/URouter/pkg/router/router.go:183.17,188.4 3 1
github.com/Suhaibinator/URouter/pkg/router/router.go:191.3,194.22 2 1
github.com/Suhaibinator/URouter/pkg/router/router.go:194.22,196.4 1 1
github.com/Suhaibinator/URouter/pkg/router/router.go:199.3,199.18 1 1
github.com/Suhaibinator/URouter/pkg/router/router.go:199.18,215.14 7 1
github.com/Suhaibinator/URouter/pkg/router/router.go:215.14,218.5 2 1
github.com/Suhaibinator/URouter/pkg/router/router.go:220.4,220.11 1 1
github.com/Suhaibinator/URouter/pkg/router/router.go:221.16,223.11 1 1
github.com/Suhaibinator/URouter/pkg/router/router.go:224.22,237.11 5 1
github.com/Suhaibinator/URouter/pkg/router/router.go:239.9,242.4 1 1
github.com/Suhaibinator/URouter/pkg/router/router.go:246.2,246.17 1 1
github.com/Suhaibinator/URouter/pkg/router/router.go:246.17,248.3 1 1
github.com/Suhaibinator/URouter/pkg/router/router.go:251.2,251.45 1 1
github.com/Suhaibinator/URouter/pkg/router/router.go:251.45,253.3 1 1
github.com/Suhaibinator/URouter/pkg/router/router.go:256.2,256.47 1 1
github.com/Suhaibinator/URouter/pkg/router/router.go:256.47,258.3 1 1
github.com/Suhaibinator/URouter/pkg/router/router.go:261.2,263.10 2 1
github.com/Suhaibinator/URouter/pkg/router/router.go:267.70,272.90 2 1
github.com/Suhaibinator/URouter/pkg/router/router.go:272.90,283.16 3 1
github.com/Suhaibinator/URouter/pkg/router/router.go:283.16,287.30 2 1
github.com/Suhaibinator/URouter/pkg/router/router.go:287.30,298.33 2 1
github.com/Suhaibinator/URouter/pkg/router/router.go:298.33,305.6 1 1
github.com/Suhaibinator/URouter/pkg/router/router.go:308.5,308.30 1 1
github.com/Suhaibinator/URouter/pkg/router/router.go:308.30,315.6 1 1
github.com/Suhaibinator/URouter/pkg/router/router.go:315.11,315.37 1 1
github.com/Suhaibinator/URouter/pkg/router/router.go:315.37,322.6 1 1
github.com/Suhaibinator/URouter/pkg/router/router.go:326.4,326.30 1 1
github.com/Suhaibinator/URouter/pkg/router/router.go:326.30,336.5 1 1
github.com/Suhaibinator/URouter/pkg/router/router.go:338.8,341.3 1 1
github.com/Suhaibinator/URouter/pkg/router/router.go:344.2,344.29 1 1
github.com/Suhaibinator/URouter/pkg/router/router.go:358.62,361.2 2 1
github.com/Suhaibinator/URouter/pkg/router/router.go:364.63,368.2 3 1
github.com/Suhaibinator/URouter/pkg/router/router.go:371.42,372.51 1 1
github.com/Suhaibinator/URouter/pkg/router/router.go:372.51,374.3 1 1
github.com/Suhaibinator/URouter/pkg/router/router.go:378.54,386.12 5 1
github.com/Suhaibinator/URouter/pkg/router/router.go:386.12,389.3 2 1
github.com/Suhaibinator/URouter/pkg/router/router.go:392.2,392.9 1 1
github.com/Suhaibinator/URouter/pkg/router/router.go:393.14,394.13 1 1
github.com/Suhaibinator/URouter/pkg/router/router.go:395.20,396.19 1 1
github.com/Suhaibinator/URouter/pkg/router/router.go:401.51,404.2 2 1
github.com/Suhaibinator/URouter/pkg/router/router.go:407.52,409.2 1 1
github.com/Suhaibinator/URouter/pkg/router/router.go:412.98,413.22 1 1
github.com/Suhaibinator/URouter/pkg/router/router.go:413.22,415.3 1 1
github.com/Suhaibinator/URouter/pkg/router/router.go:416.2,416.26 1 1
github.com/Suhaibinator/URouter/pkg/router/router.go:416.26,418.3 1 1
github.com/Suhaibinator/URouter/pkg/router/router.go:419.2,419.31 1 1
github.com/Suhaibinator/URouter/pkg/router/router.go:423.94,424.26 1 1
github.com/Suhaibinator/URouter/pkg/router/router.go:424.26,426.3 1 1
github.com/Suhaibinator/URouter/pkg/router/router.go:427.2,427.30 1 1
github.com/Suhaibinator/URouter/pkg/router/router.go:427.30,429.3 1 1
github.com/Suhaibinator/URouter/pkg/router/router.go:430.2,430.35 1 1
github.com/Suhaibinator/URouter/pkg/router/router.go:434.115,444.30 3 1
github.com/Suhaibinator/URouter/pkg/router/router.go:444.30,447.3 2 1
github.com/Suhaibinator/URouter/pkg/router/router.go:450.2,450.36 1 1
github.com/Suhaibinator/URouter/pkg/router/router.go:460.36,462.2 1 1
github.com/Suhaibinator/URouter/pkg/router/router.go:465.62,470.2 1 1
github.com/Suhaibinator/URouter/pkg/router/router.go:473.69,474.73 1 1
github.com/Suhaibinator/URouter/pkg/router/router.go:474.73,475.16 1 1
github.com/Suhaibinator/URouter/pkg/router/router.go:475.16,476.36 1 1
github.com/Suhaibinator/URouter/pkg/router/router.go:476.36,486.5 2 1
github.com/Suhaibinator/URouter/pkg/router/router.go:489.3,489.25 1 1
github.com/Suhaibinator/URouter/pkg/router/router.go:494.65,495.73 1 1
github.com/Suhaibinator/URouter/pkg/router/router.go:495.73,500.23 2 1
github.com/Suhaibinator/URouter/pkg/router/router.go:500.23,503.4 2 1
github.com/Suhaibinator/URouter/pkg/router/router.go:506.3,506.25 1 1
github.com/Suhaibinator/URouter/pkg/router/router.go:511.55,512.46 1 1
github.com/Suhaibinator/URouter/pkg/router/router.go:512.46,513.74 1 1
github.com/Suhaibinator/URouter/pkg/router/router.go:513.74,532.4 4 1
github.com/Suhaibinator/URouter/pkg/router/router.go:543.55,546.2 2 1
github.com/Suhaibinator/URouter/pkg/router/router.go:549.56,551.2 1 1
github.com/Suhaibinator/URouter/pkg/router/router.go:554.35,555.51 1 1
github.com/Suhaibinator/URouter/pkg/router/router.go:555.51,557.3 1 1
github.com/Suhaibinator/URouter/pkg/router/router.go:567.60,571.2 3 1
github.com/Suhaibinator/URouter/pkg/router/router.go:574.61,578.2 3 1
github.com/Suhaibinator/URouter/pkg/router/router.go:581.40,584.51 3 0
github.com/Suhaibinator/URouter/pkg/router/router.go:584.51,586.3 1 0
