mode: set
github.com/Suhaibinator/SRouter/pkg/middleware/auth.go:41.74,45.22 3 1
github.com/Suhaibinator/SRouter/pkg/middleware/auth.go:45.22,47.3 1 1
github.com/Suhaibinator/SRouter/pkg/middleware/auth.go:50.2,50.47 1 1
github.com/Suhaibinator/SRouter/pkg/middleware/auth.go:50.47,52.3 1 1
github.com/Suhaibinator/SRouter/pkg/middleware/auth.go:55.2,58.24 2 1
github.com/Suhaibinator/SRouter/pkg/middleware/auth.go:58.24,60.3 1 1
github.com/Suhaibinator/SRouter/pkg/middleware/auth.go:63.2,63.44 1 1
github.com/Suhaibinator/SRouter/pkg/middleware/auth.go:63.44,65.3 1 1
github.com/Suhaibinator/SRouter/pkg/middleware/auth.go:67.2,67.25 1 1
github.com/Suhaibinator/SRouter/pkg/middleware/auth.go:83.69,87.20 2 1
github.com/Suhaibinator/SRouter/pkg/middleware/auth.go:87.20,89.16 2 1
github.com/Suhaibinator/SRouter/pkg/middleware/auth.go:89.16,90.42 1 1
github.com/Suhaibinator/SRouter/pkg/middleware/auth.go:90.42,92.5 1 1
github.com/Suhaibinator/SRouter/pkg/middleware/auth.go:97.2,97.19 1 1
github.com/Suhaibinator/SRouter/pkg/middleware/auth.go:97.19,99.16 2 1
github.com/Suhaibinator/SRouter/pkg/middleware/auth.go:99.16,100.42 1 1
github.com/Suhaibinator/SRouter/pkg/middleware/auth.go:100.42,102.5 1 1
github.com/Suhaibinator/SRouter/pkg/middleware/auth.go:106.2,106.25 1 1
github.com/Suhaibinator/SRouter/pkg/middleware/auth.go:113.111,114.46 1 1
github.com/Suhaibinator/SRouter/pkg/middleware/auth.go:114.46,115.72 1 1
github.com/Suhaibinator/SRouter/pkg/middleware/auth.go:115.72,118.11 2 1
github.com/Suhaibinator/SRouter/pkg/middleware/auth.go:118.11,126.5 3 1
github.com/Suhaibinator/SRouter/pkg/middleware/auth.go:129.4,132.41 2 1
github.com/Suhaibinator/SRouter/pkg/middleware/auth.go:142.57,145.2 2 1
github.com/Suhaibinator/SRouter/pkg/middleware/auth.go:150.93,151.46 1 0
github.com/Suhaibinator/SRouter/pkg/middleware/auth.go:151.46,152.72 1 0
github.com/Suhaibinator/SRouter/pkg/middleware/auth.go:152.72,155.11 2 0
github.com/Suhaibinator/SRouter/pkg/middleware/auth.go:155.11,158.5 2 0
github.com/Suhaibinator/SRouter/pkg/middleware/auth.go:161.4,164.41 2 0
github.com/Suhaibinator/SRouter/pkg/middleware/auth.go:173.78,174.46 1 1
github.com/Suhaibinator/SRouter/pkg/middleware/auth.go:174.46,175.72 1 1
github.com/Suhaibinator/SRouter/pkg/middleware/auth.go:175.72,177.20 1 1
github.com/Suhaibinator/SRouter/pkg/middleware/auth.go:177.20,180.5 2 1
github.com/Suhaibinator/SRouter/pkg/middleware/auth.go:183.4,186.41 2 1
github.com/Suhaibinator/SRouter/pkg/middleware/auth.go:194.109,199.2 2 1
github.com/Suhaibinator/SRouter/pkg/middleware/auth.go:205.126,210.2 2 1
github.com/Suhaibinator/SRouter/pkg/middleware/auth.go:216.124,223.2 2 1
github.com/Suhaibinator/SRouter/pkg/middleware/auth.go:245.82,247.9 2 1
github.com/Suhaibinator/SRouter/pkg/middleware/auth.go:247.9,249.3 1 1
github.com/Suhaibinator/SRouter/pkg/middleware/auth.go:251.2,251.42 1 1
github.com/Suhaibinator/SRouter/pkg/middleware/auth.go:263.88,265.22 2 1
github.com/Suhaibinator/SRouter/pkg/middleware/auth.go:265.22,267.3 1 1
github.com/Suhaibinator/SRouter/pkg/middleware/auth.go:270.2,270.47 1 1
github.com/Suhaibinator/SRouter/pkg/middleware/auth.go:270.47,272.3 1 1
github.com/Suhaibinator/SRouter/pkg/middleware/auth.go:275.2,277.29 2 1
github.com/Suhaibinator/SRouter/pkg/middleware/auth.go:291.83,293.20 1 1
github.com/Suhaibinator/SRouter/pkg/middleware/auth.go:293.20,295.16 2 1
github.com/Suhaibinator/SRouter/pkg/middleware/auth.go:295.16,297.4 1 1
github.com/Suhaibinator/SRouter/pkg/middleware/auth.go:301.2,301.19 1 1
github.com/Suhaibinator/SRouter/pkg/middleware/auth.go:301.19,303.16 2 1
github.com/Suhaibinator/SRouter/pkg/middleware/auth.go:303.16,305.4 1 1
github.com/Suhaibinator/SRouter/pkg/middleware/auth.go:308.2,308.44 1 1
github.com/Suhaibinator/SRouter/pkg/middleware/auth.go:313.112,314.46 1 1
github.com/Suhaibinator/SRouter/pkg/middleware/auth.go:314.46,315.72 1 1
github.com/Suhaibinator/SRouter/pkg/middleware/auth.go:315.72,318.33 2 1
github.com/Suhaibinator/SRouter/pkg/middleware/auth.go:318.33,327.5 3 1
github.com/Suhaibinator/SRouter/pkg/middleware/auth.go:330.4,333.41 2 1
github.com/Suhaibinator/SRouter/pkg/middleware/auth.go:340.96,341.46 1 1
github.com/Suhaibinator/SRouter/pkg/middleware/auth.go:341.46,342.72 1 1
github.com/Suhaibinator/SRouter/pkg/middleware/auth.go:342.72,345.33 2 1
github.com/Suhaibinator/SRouter/pkg/middleware/auth.go:345.33,348.5 2 1
github.com/Suhaibinator/SRouter/pkg/middleware/auth.go:351.4,354.41 2 1
github.com/Suhaibinator/SRouter/pkg/middleware/auth.go:361.41,363.9 2 1
github.com/Suhaibinator/SRouter/pkg/middleware/auth.go:363.9,365.3 1 1
github.com/Suhaibinator/SRouter/pkg/middleware/auth.go:366.2,366.13 1 1
github.com/Suhaibinator/SRouter/pkg/middleware/auth.go:371.128,376.2 2 1
github.com/Suhaibinator/SRouter/pkg/middleware/auth.go:380.143,387.2 2 1
github.com/Suhaibinator/SRouter/pkg/middleware/ip.go:41.34,46.2 1 1
github.com/Suhaibinator/SRouter/pkg/middleware/ip.go:55.39,56.59 1 1
github.com/Suhaibinator/SRouter/pkg/middleware/ip.go:56.59,58.3 1 1
github.com/Suhaibinator/SRouter/pkg/middleware/ip.go:59.2,59.11 1 1
github.com/Suhaibinator/SRouter/pkg/middleware/ip.go:64.75,65.19 1 1
github.com/Suhaibinator/SRouter/pkg/middleware/ip.go:65.19,67.3 1 1
github.com/Suhaibinator/SRouter/pkg/middleware/ip.go:69.2,69.46 1 1
github.com/Suhaibinator/SRouter/pkg/middleware/ip.go:69.46,70.72 1 1
github.com/Suhaibinator/SRouter/pkg/middleware/ip.go:70.72,79.4 3 1
github.com/Suhaibinator/SRouter/pkg/middleware/ip.go:84.64,87.23 2 1
github.com/Suhaibinator/SRouter/pkg/middleware/ip.go:88.29,89.37 1 1
github.com/Suhaibinator/SRouter/pkg/middleware/ip.go:90.23,91.33 1 1
github.com/Suhaibinator/SRouter/pkg/middleware/ip.go:92.28,93.41 1 1
github.com/Suhaibinator/SRouter/pkg/middleware/ip.go:94.26,95.20 1 1
github.com/Suhaibinator/SRouter/pkg/middleware/ip.go:96.10,97.37 1 0
github.com/Suhaibinator/SRouter/pkg/middleware/ip.go:101.2,101.36 1 1
github.com/Suhaibinator/SRouter/pkg/middleware/ip.go:101.36,103.3 1 1
github.com/Suhaibinator/SRouter/pkg/middleware/ip.go:106.2,106.20 1 1
github.com/Suhaibinator/SRouter/pkg/middleware/ip.go:111.57,113.15 2 1
github.com/Suhaibinator/SRouter/pkg/middleware/ip.go:113.15,115.3 1 1
github.com/Suhaibinator/SRouter/pkg/middleware/ip.go:118.2,119.18 2 1
github.com/Suhaibinator/SRouter/pkg/middleware/ip.go:119.18,121.3 1 1
github.com/Suhaibinator/SRouter/pkg/middleware/ip.go:123.2,123.11 1 0
github.com/Suhaibinator/SRouter/pkg/middleware/ip.go:127.32,129.32 1 1
github.com/Suhaibinator/SRouter/pkg/middleware/ip.go:129.32,131.14 2 1
github.com/Suhaibinator/SRouter/pkg/middleware/ip.go:131.14,132.43 1 1
github.com/Suhaibinator/SRouter/pkg/middleware/ip.go:132.43,134.5 1 1
github.com/Suhaibinator/SRouter/pkg/middleware/ip.go:135.4,135.13 1 0
github.com/Suhaibinator/SRouter/pkg/middleware/ip.go:140.2,140.32 1 1
github.com/Suhaibinator/SRouter/pkg/middleware/ip.go:140.32,143.3 1 1
github.com/Suhaibinator/SRouter/pkg/middleware/ip.go:146.2,147.13 2 1
github.com/Suhaibinator/SRouter/pkg/middleware/ip.go:147.13,149.3 1 1
github.com/Suhaibinator/SRouter/pkg/middleware/ip.go:151.2,151.11 1 1
github.com/Suhaibinator/SRouter/pkg/middleware/middleware.go:25.50,26.46 1 1
github.com/Suhaibinator/SRouter/pkg/middleware/middleware.go:26.46,27.46 1 1
github.com/Suhaibinator/SRouter/pkg/middleware/middleware.go:27.46,29.4 1 1
github.com/Suhaibinator/SRouter/pkg/middleware/middleware.go:30.3,30.14 1 1
github.com/Suhaibinator/SRouter/pkg/middleware/middleware.go:37.46,38.46 1 1
github.com/Suhaibinator/SRouter/pkg/middleware/middleware.go:38.46,39.72 1 1
github.com/Suhaibinator/SRouter/pkg/middleware/middleware.go:39.72,40.17 1 1
github.com/Suhaibinator/SRouter/pkg/middleware/middleware.go:40.17,41.37 1 1
github.com/Suhaibinator/SRouter/pkg/middleware/middleware.go:41.37,52.6 2 1
github.com/Suhaibinator/SRouter/pkg/middleware/middleware.go:55.4,55.24 1 1
github.com/Suhaibinator/SRouter/pkg/middleware/middleware.go:67.45,68.46 1 1
github.com/Suhaibinator/SRouter/pkg/middleware/middleware.go:68.46,69.72 1 1
github.com/Suhaibinator/SRouter/pkg/middleware/middleware.go:69.72,85.28 5 1
github.com/Suhaibinator/SRouter/pkg/middleware/middleware.go:85.28,94.5 1 0
github.com/Suhaibinator/SRouter/pkg/middleware/middleware.go:94.10,94.35 1 1
github.com/Suhaibinator/SRouter/pkg/middleware/middleware.go:94.35,102.5 1 0
github.com/Suhaibinator/SRouter/pkg/middleware/middleware.go:102.10,102.39 1 1
github.com/Suhaibinator/SRouter/pkg/middleware/middleware.go:102.39,110.5 1 0
github.com/Suhaibinator/SRouter/pkg/middleware/middleware.go:110.10,118.5 1 1
github.com/Suhaibinator/SRouter/pkg/middleware/middleware.go:128.44,129.46 1 1
github.com/Suhaibinator/SRouter/pkg/middleware/middleware.go:129.46,130.72 1 1
github.com/Suhaibinator/SRouter/pkg/middleware/middleware.go:130.72,136.4 2 1
github.com/Suhaibinator/SRouter/pkg/middleware/middleware.go:144.48,145.46 1 1
github.com/Suhaibinator/SRouter/pkg/middleware/middleware.go:145.46,146.72 1 1
github.com/Suhaibinator/SRouter/pkg/middleware/middleware.go:146.72,165.14 7 1
github.com/Suhaibinator/SRouter/pkg/middleware/middleware.go:165.14,168.5 2 1
github.com/Suhaibinator/SRouter/pkg/middleware/middleware.go:170.4,170.11 1 1
github.com/Suhaibinator/SRouter/pkg/middleware/middleware.go:171.16,173.11 1 1
github.com/Suhaibinator/SRouter/pkg/middleware/middleware.go:174.22,179.11 4 1
github.com/Suhaibinator/SRouter/pkg/middleware/middleware.go:194.60,198.2 3 1
github.com/Suhaibinator/SRouter/pkg/middleware/middleware.go:202.61,206.2 3 1
github.com/Suhaibinator/SRouter/pkg/middleware/middleware.go:210.40,213.51 3 1
github.com/Suhaibinator/SRouter/pkg/middleware/middleware.go:213.51,215.3 1 1
github.com/Suhaibinator/SRouter/pkg/middleware/middleware.go:221.76,222.46 1 1
github.com/Suhaibinator/SRouter/pkg/middleware/middleware.go:222.46,223.72 1 1
github.com/Suhaibinator/SRouter/pkg/middleware/middleware.go:223.72,225.24 1 1
github.com/Suhaibinator/SRouter/pkg/middleware/middleware.go:225.24,227.5 1 1
github.com/Suhaibinator/SRouter/pkg/middleware/middleware.go:228.4,228.24 1 1
github.com/Suhaibinator/SRouter/pkg/middleware/middleware.go:228.24,230.5 1 1
github.com/Suhaibinator/SRouter/pkg/middleware/middleware.go:231.4,231.24 1 1
github.com/Suhaibinator/SRouter/pkg/middleware/middleware.go:231.24,233.5 1 1
github.com/Suhaibinator/SRouter/pkg/middleware/middleware.go:236.4,236.38 1 1
github.com/Suhaibinator/SRouter/pkg/middleware/middleware.go:236.38,239.5 2 1
github.com/Suhaibinator/SRouter/pkg/middleware/middleware.go:242.4,242.24 1 1
github.com/Suhaibinator/SRouter/pkg/middleware/middleware.go:256.55,259.2 2 1
github.com/Suhaibinator/SRouter/pkg/middleware/middleware.go:263.56,265.2 1 1
github.com/Suhaibinator/SRouter/pkg/middleware/middleware.go:269.35,270.51 1 1
github.com/Suhaibinator/SRouter/pkg/middleware/middleware.go:270.51,272.3 1 1
github.com/Suhaibinator/SRouter/pkg/middleware/prometheus.go:15.149,18.46 1 1
github.com/Suhaibinator/SRouter/pkg/middleware/prometheus.go:18.46,19.72 1 1
github.com/Suhaibinator/SRouter/pkg/middleware/prometheus.go:19.72,39.21 8 1
github.com/Suhaibinator/SRouter/pkg/middleware/prometheus.go:39.21,43.5 1 1
github.com/Suhaibinator/SRouter/pkg/middleware/prometheus.go:45.4,45.24 1 1
github.com/Suhaibinator/SRouter/pkg/middleware/prometheus.go:45.24,49.5 1 1
github.com/Suhaibinator/SRouter/pkg/middleware/prometheus.go:51.4,51.17 1 1
github.com/Suhaibinator/SRouter/pkg/middleware/prometheus.go:51.17,57.5 3 1
github.com/Suhaibinator/SRouter/pkg/middleware/prometheus.go:59.4,59.41 1 1
github.com/Suhaibinator/SRouter/pkg/middleware/prometheus.go:59.41,63.5 1 1
github.com/Suhaibinator/SRouter/pkg/middleware/prometheus.go:72.59,75.71 1 1
github.com/Suhaibinator/SRouter/pkg/middleware/prometheus.go:75.71,78.17 3 1
github.com/Suhaibinator/SRouter/pkg/middleware/prometheus.go:78.17,82.4 1 0
github.com/Suhaibinator/SRouter/pkg/middleware/prometheus.go:96.65,99.2 2 1
github.com/Suhaibinator/SRouter/pkg/middleware/prometheus.go:103.66,107.2 3 1
github.com/Suhaibinator/SRouter/pkg/middleware/prometheus.go:111.45,112.51 1 1
github.com/Suhaibinator/SRouter/pkg/middleware/prometheus.go:112.51,114.3 1 1
github.com/Suhaibinator/SRouter/pkg/middleware/ratelimit.go:90.44,92.2 1 1
github.com/Suhaibinator/SRouter/pkg/middleware/ratelimit.go:95.77,96.45 1 1
github.com/Suhaibinator/SRouter/pkg/middleware/ratelimit.go:96.45,98.3 1 1
github.com/Suhaibinator/SRouter/pkg/middleware/ratelimit.go:100.2,104.45 3 1
github.com/Suhaibinator/SRouter/pkg/middleware/ratelimit.go:104.45,106.3 1 0
github.com/Suhaibinator/SRouter/pkg/middleware/ratelimit.go:109.2,111.16 3 1
github.com/Suhaibinator/SRouter/pkg/middleware/ratelimit.go:115.105,118.13 2 1
github.com/Suhaibinator/SRouter/pkg/middleware/ratelimit.go:118.13,120.3 1 1
github.com/Suhaibinator/SRouter/pkg/middleware/ratelimit.go:122.2,136.52 7 1
github.com/Suhaibinator/SRouter/pkg/middleware/ratelimit.go:136.52,138.3 1 1
github.com/Suhaibinator/SRouter/pkg/middleware/ratelimit.go:138.8,142.3 2 1
github.com/Suhaibinator/SRouter/pkg/middleware/ratelimit.go:145.2,146.26 2 1
github.com/Suhaibinator/SRouter/pkg/middleware/ratelimit.go:146.26,148.3 1 1
github.com/Suhaibinator/SRouter/pkg/middleware/ratelimit.go:151.2,151.44 1 1
github.com/Suhaibinator/SRouter/pkg/middleware/ratelimit.go:151.44,156.3 3 1
github.com/Suhaibinator/SRouter/pkg/middleware/ratelimit.go:159.2,160.53 2 1
github.com/Suhaibinator/SRouter/pkg/middleware/ratelimit.go:160.53,162.3 1 1
github.com/Suhaibinator/SRouter/pkg/middleware/ratelimit.go:165.2,166.25 2 1
github.com/Suhaibinator/SRouter/pkg/middleware/ratelimit.go:166.25,168.3 1 1
github.com/Suhaibinator/SRouter/pkg/middleware/ratelimit.go:171.2,175.28 3 1
github.com/Suhaibinator/SRouter/pkg/middleware/ratelimit.go:175.28,178.3 1 1
github.com/Suhaibinator/SRouter/pkg/middleware/ratelimit.go:181.2,181.33 1 1
github.com/Suhaibinator/SRouter/pkg/middleware/ratelimit.go:181.33,184.20 2 0
github.com/Suhaibinator/SRouter/pkg/middleware/ratelimit.go:184.20,186.4 1 0
github.com/Suhaibinator/SRouter/pkg/middleware/ratelimit.go:187.3,187.41 1 0
github.com/Suhaibinator/SRouter/pkg/middleware/ratelimit.go:191.2,192.19 2 1
github.com/Suhaibinator/SRouter/pkg/middleware/ratelimit.go:192.19,194.3 1 1
github.com/Suhaibinator/SRouter/pkg/middleware/ratelimit.go:196.2,196.41 1 1
github.com/Suhaibinator/SRouter/pkg/middleware/ratelimit.go:201.40,203.33 1 1
github.com/Suhaibinator/SRouter/pkg/middleware/ratelimit.go:203.33,205.3 1 0
github.com/Suhaibinator/SRouter/pkg/middleware/ratelimit.go:210.2,211.14 2 1
github.com/Suhaibinator/SRouter/pkg/middleware/ratelimit.go:211.14,214.19 2 1
github.com/Suhaibinator/SRouter/pkg/middleware/ratelimit.go:214.19,216.4 1 1
github.com/Suhaibinator/SRouter/pkg/middleware/ratelimit.go:220.2,221.14 2 1
github.com/Suhaibinator/SRouter/pkg/middleware/ratelimit.go:221.14,223.3 1 1
github.com/Suhaibinator/SRouter/pkg/middleware/ratelimit.go:226.2,226.21 1 1
github.com/Suhaibinator/SRouter/pkg/middleware/ratelimit.go:231.69,233.16 1 1
github.com/Suhaibinator/SRouter/pkg/middleware/ratelimit.go:234.24,235.61 1 1
github.com/Suhaibinator/SRouter/pkg/middleware/ratelimit.go:235.61,237.4 1 1
github.com/Suhaibinator/SRouter/pkg/middleware/ratelimit.go:238.21,239.42 1 0
github.com/Suhaibinator/SRouter/pkg/middleware/ratelimit.go:239.42,241.4 1 0
github.com/Suhaibinator/SRouter/pkg/middleware/ratelimit.go:242.23,243.44 1 0
github.com/Suhaibinator/SRouter/pkg/middleware/ratelimit.go:243.44,245.4 1 0
github.com/Suhaibinator/SRouter/pkg/middleware/ratelimit.go:246.25,247.46 1 0
github.com/Suhaibinator/SRouter/pkg/middleware/ratelimit.go:247.46,249.4 1 0
github.com/Suhaibinator/SRouter/pkg/middleware/ratelimit.go:250.22,251.43 1 0
github.com/Suhaibinator/SRouter/pkg/middleware/ratelimit.go:251.43,253.4 1 0
github.com/Suhaibinator/SRouter/pkg/middleware/ratelimit.go:257.2,257.11 1 1
github.com/Suhaibinator/SRouter/pkg/middleware/ratelimit.go:262.67,264.96 1 1
github.com/Suhaibinator/SRouter/pkg/middleware/ratelimit.go:264.96,265.72 1 1
github.com/Suhaibinator/SRouter/pkg/middleware/ratelimit.go:265.72,267.4 1 1
github.com/Suhaibinator/SRouter/pkg/middleware/ratelimit.go:274.2,274.60 1 1
github.com/Suhaibinator/SRouter/pkg/middleware/ratelimit.go:274.60,276.3 1 1
github.com/Suhaibinator/SRouter/pkg/middleware/ratelimit.go:279.2,279.41 1 1
github.com/Suhaibinator/SRouter/pkg/middleware/ratelimit.go:279.41,281.3 1 0
github.com/Suhaibinator/SRouter/pkg/middleware/ratelimit.go:284.2,284.43 1 1
github.com/Suhaibinator/SRouter/pkg/middleware/ratelimit.go:284.43,286.3 1 0
github.com/Suhaibinator/SRouter/pkg/middleware/ratelimit.go:290.2,298.4 2 1
github.com/Suhaibinator/SRouter/pkg/middleware/ratelimit.go:298.4,299.44 1 1
github.com/Suhaibinator/SRouter/pkg/middleware/ratelimit.go:299.44,301.9 2 0
github.com/Suhaibinator/SRouter/pkg/middleware/ratelimit.go:305.2,305.17 1 1
github.com/Suhaibinator/SRouter/pkg/middleware/ratelimit.go:305.17,308.33 1 0
github.com/Suhaibinator/SRouter/pkg/middleware/ratelimit.go:308.33,310.4 1 0
github.com/Suhaibinator/SRouter/pkg/middleware/ratelimit.go:313.3,313.47 1 0
github.com/Suhaibinator/SRouter/pkg/middleware/ratelimit.go:313.47,314.35 1 0
github.com/Suhaibinator/SRouter/pkg/middleware/ratelimit.go:314.35,316.27 1 0
github.com/Suhaibinator/SRouter/pkg/middleware/ratelimit.go:317.17,318.14 1 0
github.com/Suhaibinator/SRouter/pkg/middleware/ratelimit.go:319.14,320.28 1 0
github.com/Suhaibinator/SRouter/pkg/middleware/ratelimit.go:321.16,322.37 1 0
github.com/Suhaibinator/SRouter/pkg/middleware/ratelimit.go:323.18,324.48 1 0
github.com/Suhaibinator/SRouter/pkg/middleware/ratelimit.go:325.15,326.34 1 0
github.com/Suhaibinator/SRouter/pkg/middleware/ratelimit.go:327.13,329.26 1 0
github.com/Suhaibinator/SRouter/pkg/middleware/ratelimit.go:336.2,336.11 1 1
github.com/Suhaibinator/SRouter/pkg/middleware/ratelimit.go:340.114,341.46 1 1
github.com/Suhaibinator/SRouter/pkg/middleware/ratelimit.go:341.46,342.72 1 1
github.com/Suhaibinator/SRouter/pkg/middleware/ratelimit.go:342.72,344.21 1 1
github.com/Suhaibinator/SRouter/pkg/middleware/ratelimit.go:344.21,347.5 2 1
github.com/Suhaibinator/SRouter/pkg/middleware/ratelimit.go:350.4,353.27 3 1
github.com/Suhaibinator/SRouter/pkg/middleware/ratelimit.go:354.20,355.23 1 1
github.com/Suhaibinator/SRouter/pkg/middleware/ratelimit.go:356.22,359.18 2 1
github.com/Suhaibinator/SRouter/pkg/middleware/ratelimit.go:359.18,361.6 1 1
github.com/Suhaibinator/SRouter/pkg/middleware/ratelimit.go:362.24,363.35 1 1
github.com/Suhaibinator/SRouter/pkg/middleware/ratelimit.go:363.35,365.20 2 1
github.com/Suhaibinator/SRouter/pkg/middleware/ratelimit.go:365.20,373.7 3 1
github.com/Suhaibinator/SRouter/pkg/middleware/ratelimit.go:374.11,377.6 1 0
github.com/Suhaibinator/SRouter/pkg/middleware/ratelimit.go:378.12,379.23 1 1
github.com/Suhaibinator/SRouter/pkg/middleware/ratelimit.go:383.4,394.16 6 1
github.com/Suhaibinator/SRouter/pkg/middleware/ratelimit.go:394.16,398.38 2 1
github.com/Suhaibinator/SRouter/pkg/middleware/ratelimit.go:398.38,400.6 1 1
github.com/Suhaibinator/SRouter/pkg/middleware/ratelimit.go:400.11,402.6 1 1
github.com/Suhaibinator/SRouter/pkg/middleware/ratelimit.go:404.5,412.11 2 1
github.com/Suhaibinator/SRouter/pkg/middleware/ratelimit.go:418.4,418.24 1 1
